2024-12-23T11:12:56.922Z [32minfo[39m: Log malumotlari
2024-12-23T11:12:56.924Z [31merror[39m: Error malumotlari
2024-12-23T11:12:56.925Z [33mwarn[39m: Warn malumotlari
2024-12-23T11:12:56.925Z [32minfo[39m: info malumotlari
2024-12-23T11:13:41.475Z info: Log malumotlari
2024-12-23T11:13:41.478Z error: Error malumotlari
2024-12-23T11:13:41.478Z warn: Warn malumotlari
2024-12-23T11:13:41.478Z info: info malumotlari
2024-12-23T11:15:10.020Z info: Log malumotlari
2024-12-23T11:15:10.022Z error: Error malumotlari
2024-12-23T11:15:10.022Z warn: Warn malumotlari
2024-12-23T11:15:10.023Z info: info malumotlari
2024-12-23T11:15:12.004Z info: Log malumotlari
2024-12-23T11:15:12.006Z error: Error malumotlari
2024-12-23T11:15:12.007Z warn: Warn malumotlari
2024-12-23T11:15:12.007Z info: info malumotlari
2024-12-23T11:15:13.182Z info: Log malumotlari
2024-12-23T11:15:13.185Z error: Error malumotlari
2024-12-23T11:15:13.185Z warn: Warn malumotlari
2024-12-23T11:15:13.185Z info: info malumotlari
2024-12-23T11:15:18.338Z info: Log malumotlari
2024-12-23T11:15:18.340Z error: Error malumotlari
2024-12-23T11:15:18.340Z warn: Warn malumotlari
2024-12-23T11:15:18.341Z info: info malumotlari
2024-12-23T11:15:19.442Z info: Log malumotlari
2024-12-23T11:15:19.444Z error: Error malumotlari
2024-12-23T11:15:19.445Z warn: Warn malumotlari
2024-12-23T11:15:19.445Z info: info malumotlari
2024-12-23T11:15:21.922Z info: Log malumotlari
2024-12-23T11:15:21.924Z error: Error malumotlari
2024-12-23T11:15:21.925Z warn: Warn malumotlari
2024-12-23T11:15:21.925Z info: info malumotlari
2024-12-23T11:15:24.206Z info: Log malumotlari
2024-12-23T11:15:24.208Z error: Error malumotlari
2024-12-23T11:15:24.208Z warn: Warn malumotlari
2024-12-23T11:15:24.209Z info: info malumotlari
2024-12-23T11:16:59.022Z info: Log malumotlari
2024-12-23T11:16:59.024Z error: Error malumotlari
2024-12-23T11:16:59.025Z warn: Warn malumotlari
2024-12-23T11:16:59.025Z info: info malumotlari
2024-12-23T11:17:00.690Z info: Log malumotlari
2024-12-23T11:17:00.692Z error: Error malumotlari
2024-12-23T11:17:00.693Z warn: Warn malumotlari
2024-12-23T11:17:00.693Z info: info malumotlari
2024-12-23T11:17:04.521Z info: Log malumotlari
2024-12-23T11:17:04.523Z error: Error malumotlari
2024-12-23T11:17:04.524Z warn: Warn malumotlari
2024-12-23T11:17:04.524Z info: info malumotlari
2024-12-23T11:17:29.163Z info: Log malumotlari
2024-12-23T11:17:29.165Z error: Error malumotlari
2024-12-23T11:17:29.166Z warn: Warn malumotlari
2024-12-23T11:17:29.166Z info: info malumotlari
2024-12-23T11:17:34.949Z info: Log malumotlari
2024-12-23T11:17:34.951Z error: Error malumotlari
2024-12-23T11:17:34.952Z warn: Warn malumotlari
2024-12-23T11:17:34.952Z info: info malumotlari
2024-12-23T11:22:00.965Z info: Log malumotlari
2024-12-23T11:22:00.967Z error: Error malumotlari
2024-12-23T11:22:00.967Z warn: Warn malumotlari
2024-12-23T11:22:00.967Z info: info malumotlari
2024-12-23T11:22:30.712Z info: Log malumotlari
2024-12-23T11:22:30.715Z error: Error malumotlari
2024-12-23T11:22:30.716Z warn: Warn malumotlari
2024-12-23T11:22:30.716Z info: info malumotlari
2024-12-23T11:22:35.430Z info: Log malumotlari
2024-12-23T11:22:35.432Z error: Error malumotlari
2024-12-23T11:22:35.432Z warn: Warn malumotlari
2024-12-23T11:22:35.432Z info: info malumotlari
2024-12-23T11:22:41.171Z info: Log malumotlari
2024-12-23T11:22:41.173Z error: Error malumotlari
2024-12-23T11:22:41.174Z warn: Warn malumotlari
2024-12-23T11:22:41.174Z info: info malumotlari
2024-12-23T11:22:48.359Z info: Log malumotlari
2024-12-23T11:22:48.361Z error: Error malumotlari
2024-12-23T11:22:48.362Z warn: Warn malumotlari
2024-12-23T11:22:48.362Z info: info malumotlari
2024-12-23T11:23:24.196Z info: Log malumotlari
2024-12-23T11:23:24.199Z error: Error malumotlari
2024-12-23T11:23:24.199Z warn: Warn malumotlari
2024-12-23T11:23:24.199Z info: info malumotlari
2024-12-23T11:23:41.985Z error: Expected ',' or '}' after property value in JSON at position 41
2024-12-23T11:24:04.364Z error: Expected ',' or '}' after property value in JSON at position 41
2024-12-23T11:38:11.633Z info: Log malumotlari
2024-12-23T11:38:11.635Z error: Error malumotlari
2024-12-23T11:38:11.636Z warn: Warn malumotlari
2024-12-23T11:38:11.636Z info: info malumotlari
2024-12-23T11:43:53.972Z info: Log malumotlari
2024-12-23T11:43:53.975Z error: Error malumotlari
2024-12-23T11:43:53.975Z warn: Warn malumotlari
2024-12-23T11:43:53.976Z info: info malumotlari
2024-12-23T11:44:51.933Z info: Log malumotlari
2024-12-23T11:44:51.935Z error: Error malumotlari
2024-12-23T11:44:51.936Z warn: Warn malumotlari
2024-12-23T11:44:51.936Z info: info malumotlari
2024-12-23T11:44:58.962Z info: Log malumotlari
2024-12-23T11:44:58.965Z error: Error malumotlari
2024-12-23T11:44:58.966Z warn: Warn malumotlari
2024-12-23T11:44:58.966Z info: info malumotlari
2024-12-23T11:45:47.781Z info: Log malumotlari
2024-12-23T11:45:47.783Z error: Error malumotlari
2024-12-23T11:45:47.784Z warn: Warn malumotlari
2024-12-23T11:45:47.784Z info: info malumotlari
2024-12-23T11:46:08.778Z info: Log malumotlari
2024-12-23T11:46:08.781Z error: Error malumotlari
2024-12-23T11:46:08.781Z warn: Warn malumotlari
2024-12-23T11:46:08.781Z info: info malumotlari
2024-12-23T11:46:52.600Z info: Log malumotlari
2024-12-23T11:46:52.602Z error: Error malumotlari
2024-12-23T11:46:52.603Z warn: Warn malumotlari
2024-12-23T11:46:52.603Z info: info malumotlari
2024-12-23T11:46:58.436Z info: Log malumotlari
2024-12-23T11:46:58.439Z error: Error malumotlari
2024-12-23T11:46:58.439Z warn: Warn malumotlari
2024-12-23T11:46:58.440Z info: info malumotlari
2024-12-23T11:47:51.359Z info: Log malumotlari
2024-12-23T11:47:51.364Z error: Error malumotlari
2024-12-23T11:47:51.364Z warn: Warn malumotlari
2024-12-23T11:47:51.365Z info: info malumotlari
2024-12-23T11:47:52.457Z info: Log malumotlari
2024-12-23T11:48:00.379Z info: Log malumotlari
2024-12-23T11:48:43.468Z info: Log malumotlari
2024-12-23T11:49:12.662Z info: Log malumotlari
2024-12-23T11:49:12.664Z error: Error malumotlari
2024-12-23T11:49:12.665Z warn: Warn malumotlari
2024-12-23T11:49:12.665Z info: info malumotlari
2024-12-24T10:30:12.325Z error: ENOENT: no such file or directory, open 'D:\HomeworkN15\lesson39\views\layouts\main.hbs'
2024-12-24T10:30:16.022Z error: ENOENT: no such file or directory, open 'D:\HomeworkN15\lesson39\views\layouts\main.hbs'
2024-12-24T10:43:21.711Z error: The partial head could not be found
2024-12-25T05:09:17.881Z error: Parse error on line 74:
...-link {{#if isAuthor} active{{/if}}" ari
-----------------------^
Expecting 'CLOSE_RAW_BLOCK', 'CLOSE', 'CLOSE_UNESCAPED', 'OPEN_SEXPR', 'CLOSE_SEXPR', 'ID', 'EQUALS', 'OPEN_BLOCK_PARAMS', 'STRING', 'NUMBER', 'BOOLEAN', 'UNDEFINED', 'NULL', 'DATA', 'SEP', got 'INVALID'
2024-12-25T05:09:26.594Z error: Parse error on line 74:
...-link {{#if isAuthor} active{{/if}}" ari
-----------------------^
Expecting 'CLOSE_RAW_BLOCK', 'CLOSE', 'CLOSE_UNESCAPED', 'OPEN_SEXPR', 'CLOSE_SEXPR', 'ID', 'EQUALS', 'OPEN_BLOCK_PARAMS', 'STRING', 'NUMBER', 'BOOLEAN', 'UNDEFINED', 'NULL', 'DATA', 'SEP', got 'INVALID'
2024-12-25T05:26:43.012Z error: Parse error on line 74:
...-link {{#if isAuthor} active{{/if}}" ari
-----------------------^
Expecting 'CLOSE_RAW_BLOCK', 'CLOSE', 'CLOSE_UNESCAPED', 'OPEN_SEXPR', 'CLOSE_SEXPR', 'ID', 'EQUALS', 'OPEN_BLOCK_PARAMS', 'STRING', 'NUMBER', 'BOOLEAN', 'UNDEFINED', 'NULL', 'DATA', 'SEP', got 'INVALID'
2024-12-25T06:08:49.734Z error: Must pass iterator to #each
2024-12-25T06:08:50.776Z error: Must pass iterator to #each
2024-12-25T06:12:58.621Z error: Must pass iterator to #each
2024-12-25T06:12:59.631Z error: Must pass iterator to #each
2024-12-25T06:13:17.887Z error: Must pass iterator to #each
2024-12-25T06:13:18.848Z error: Must pass iterator to #each
2024-12-25T06:13:19.014Z error: Must pass iterator to #each
2024-12-25T06:13:19.182Z error: Must pass iterator to #each
2024-12-25T06:13:19.408Z error: Must pass iterator to #each
2024-12-25T06:20:51.726Z error: Must pass iterator to #each
2024-12-25T06:20:55.935Z error: Must pass iterator to #each
2024-12-25T06:40:26.693Z error: Title uzunligi 3ta belgidan ko'p bo'lishi kerak
2024-12-25T07:34:48.952Z error: Cast to ObjectId failed for value "all" (type string) at path "_id" for model "Dictionary"
2024-12-25T07:51:11.615Z error: getaddrinfo ENOTFOUND bio-shard-00-02.xy33u.mongodb.net
2024-12-25T07:51:33.021Z error: getaddrinfo ENOTFOUND bio-shard-00-02.xy33u.mongodb.net
2024-12-25T07:51:35.170Z error: getaddrinfo ENOTFOUND bio-shard-00-02.xy33u.mongodb.net
2024-12-25T07:51:41.634Z error: unhandledRejection: getaddrinfo ENOTFOUND bio-shard-00-02.xy33u.mongodb.net
MongoServerSelectionError: getaddrinfo ENOTFOUND bio-shard-00-02.xy33u.mongodb.net
    at Topology.selectServer (D:\HomeworkN15\lesson39\node_modules\mongodb\lib\sdam\topology.js:303:38)
    at async tryOperation (D:\HomeworkN15\lesson39\node_modules\mongodb\lib\operations\execute_operation.js:138:18)
    at async executeOperation (D:\HomeworkN15\lesson39\node_modules\mongodb\lib\operations\execute_operation.js:69:16)
    at async Collection.insertOne (D:\HomeworkN15\lesson39\node_modules\mongodb\lib\collection.js:154:16)
2024-12-26T06:15:02.733Z error: "first_name" is required. "phone" with value "+998 99 201 41 03" fails to match the required pattern: /^\d{2}-\d{3}-\d{2}-\d{2}$/. "firstName" is not allowed. "lastName" is not allowed
2024-12-26T07:05:00.126Z error: Invalid login: 535-5.7.8 Username and Password not accepted. For more information, go to
535 5.7.8  https://support.google.com/mail/?p=BadCredentials 38308e7fff4ca-3045ad6cb5csm21799581fa.20 - gsmtp
2024-12-26T07:22:50.254Z error: data and salt arguments required
